[04:47:40] [main/INFO]: Loading Minecraft 1.21 with Fabric Loader 0.16.3
[04:47:40] [main/INFO]: Loading 4 mods:
	- fabricloader 0.16.3
	   \-- mixinextras 0.4.1
	- java 21
	- minecraft 1.21
[04:47:40] [main/INFO]: SpongePowered MIXIN Subsystem Version=0.8.7 Source=file:/workspaces/este-si/servidor_minecraft/libraries/net/fabricmc/sponge-mixin/0.15.2+mixin.0.8.7/sponge-mixin-0.15.2+mixin.0.8.7.jar Service=Knot/Fabric Env=SERVER
[04:47:46] [main/INFO]: Environment: Environment[sessionHost=https://sessionserver.mojang.com, servicesHost=https://api.minecraftservices.com, name=PROD]
[04:47:47] [main/INFO]: No existing world data, creating new world
[04:47:47] [main/INFO]: Loaded 1290 recipes
[04:47:48] [main/INFO]: Loaded 1399 advancements
[04:47:48] [Server thread/INFO]: Starting minecraft server version 1.21
[04:47:48] [Server thread/INFO]: Loading properties
[04:47:48] [Server thread/INFO]: Default game type: SURVIVAL
[04:47:48] [Server thread/INFO]: Generating keypair
[04:47:48] [Server thread/INFO]: Starting Minecraft server on *:25565
[04:47:48] [Server thread/INFO]: Using epoll channel type
[04:47:48] [Server thread/WARN]: **** SERVER IS RUNNING IN OFFLINE/INSECURE MODE!
[04:47:48] [Server thread/WARN]: The server will make no attempt to authenticate usernames. Beware.
[04:47:48] [Server thread/WARN]: While this makes the game possible to play without internet access, it also opens up the ability for hackers to connect with any username they choose.
[04:47:48] [Server thread/WARN]: To change this, set "online-mode" to "true" in the server.properties file.
[04:47:48] [Server thread/INFO]: Preparing level "world"
[04:47:55] [Server thread/INFO]: Preparing start region for dimension minecraft:overworld
[04:47:55] [Worker-Main-3/INFO]: Preparing spawn area: 2%
[04:47:55] [Worker-Main-3/INFO]: Preparing spawn area: 2%
[04:47:56] [Worker-Main-1/INFO]: Preparing spawn area: 2%
[04:47:56] [Worker-Main-2/INFO]: Preparing spawn area: 2%
[04:47:57] [Worker-Main-3/INFO]: Preparing spawn area: 18%
[04:47:57] [Worker-Main-3/INFO]: Preparing spawn area: 18%
[04:47:58] [Worker-Main-2/INFO]: Preparing spawn area: 18%
[04:47:58] [Worker-Main-1/INFO]: Preparing spawn area: 34%
[04:47:59] [Worker-Main-3/INFO]: Preparing spawn area: 51%
[04:47:59] [Worker-Main-3/INFO]: Preparing spawn area: 51%
[04:48:00] [Worker-Main-3/INFO]: Preparing spawn area: 51%
[04:48:00] [Server thread/INFO]: Time elapsed: 5285 ms
[04:48:00] [Server thread/INFO]: Done (11.527s)! For help, type "help"
[05:02:03] [Server thread/INFO]: JoacoCrafter69[/127.186.76.148:36459] logged in with entity id 26 at (-19.5, 64.0, -68.5)
[05:02:03] [Server thread/INFO]: JoacoCrafter69 joined the game
[05:02:09] [Server thread/INFO]: [Not Secure] <JoacoCrafter69> j
[05:02:21] [Server thread/INFO]: JoacoCrafter69 lost connection: Disconnected
[05:02:21] [Server thread/INFO]: JoacoCrafter69 left the game
